16:02:22 INFO  : Registering command handlers for SDK TCF services
16:02:23 INFO  : Launching XSCT server: xsct.bat -interactive D:\NKUST\SoC\SoCLab\soc_hw1\soc_hw1.sdk\temp_xsdb_launch_script.tcl
16:02:25 INFO  : XSCT server has started successfully.
16:02:25 INFO  : Successfully done setting XSCT server connection channel  
16:02:25 INFO  : Successfully done setting SDK workspace  
16:02:25 INFO  : Processing command line option -hwspec D:/NKUST/SoC/SoCLab/soc_hw1/soc_hw1.sdk/hw_wrapper.hdf.
16:03:44 INFO  : Connected to target on host '127.0.0.1' and port '3121'.
16:03:44 INFO  : 'targets -set -filter {jtag_cable_name =~ "Xilinx TUL 1234-tulA" && level==0} -index 1' command is executed.
16:03:46 INFO  : FPGA configured successfully with bitstream "D:/NKUST/SoC/SoCLab/soc_hw1/soc_hw1.sdk/hw_wrapper_hw_platform_0/hw_wrapper.bit"
16:04:10 INFO  : 'targets -set -filter {jtag_cable_name =~ "Xilinx TUL 1234-tulA" && level==0} -index 1' command is executed.
16:04:10 INFO  : 'fpga -state' command is executed.
16:04:10 INFO  : Connected to target on host '127.0.0.1' and port '3121'.
16:04:10 INFO  : Jtag cable 'Xilinx TUL 1234-tulA' is selected.
16:04:10 INFO  : 'jtag frequency' command is executed.
16:04:10 INFO  : Sourcing of 'D:/NKUST/SoC/SoCLab/soc_hw1/soc_hw1.sdk/hw_wrapper_hw_platform_0/ps7_init.tcl' is done.
16:04:10 INFO  : Context for 'APU' is selected.
16:04:10 INFO  : Hardware design information is loaded from 'D:/NKUST/SoC/SoCLab/soc_hw1/soc_hw1.sdk/hw_wrapper_hw_platform_0/system.hdf'.
16:04:10 INFO  : 'configparams force-mem-access 1' command is executed.
16:04:10 INFO  : Context for 'APU' is selected.
16:04:10 INFO  : 'stop' command is executed.
16:04:10 INFO  : 'ps7_init' command is executed.
16:04:10 INFO  : 'ps7_post_config' command is executed.
16:04:10 INFO  : Context for processor 'ps7_cortexa9_0' is selected.
16:04:11 INFO  : Processor reset is completed for 'ps7_cortexa9_0'.
16:04:11 INFO  : Context for processor 'ps7_cortexa9_0' is selected.
16:04:11 INFO  : The application 'D:/NKUST/SoC/SoCLab/soc_hw1/soc_hw1.sdk/soc_hw1/Debug/soc_hw1.elf' is downloaded to processor 'ps7_cortexa9_0'.
16:04:11 INFO  : 'configparams force-mem-access 0' command is executed.
16:04:11 INFO  : ----------------XSDB Script----------------
connect -url tcp:127.0.0.1:3121
source D:/NKUST/SoC/SoCLab/soc_hw1/soc_hw1.sdk/hw_wrapper_hw_platform_0/ps7_init.tcl
targets -set -nocase -filter {name =~"APU*" && jtag_cable_name =~ "Xilinx TUL 1234-tulA"} -index 0
loadhw -hw D:/NKUST/SoC/SoCLab/soc_hw1/soc_hw1.sdk/hw_wrapper_hw_platform_0/system.hdf -mem-ranges [list {0x40000000 0xbfffffff}]
configparams force-mem-access 1
targets -set -nocase -filter {name =~"APU*" && jtag_cable_name =~ "Xilinx TUL 1234-tulA"} -index 0
stop
ps7_init
ps7_post_config
targets -set -nocase -filter {name =~ "ARM*#0" && jtag_cable_name =~ "Xilinx TUL 1234-tulA"} -index 0
rst -processor
targets -set -nocase -filter {name =~ "ARM*#0" && jtag_cable_name =~ "Xilinx TUL 1234-tulA"} -index 0
dow D:/NKUST/SoC/SoCLab/soc_hw1/soc_hw1.sdk/soc_hw1/Debug/soc_hw1.elf
configparams force-mem-access 0
----------------End of Script----------------

16:04:11 INFO  : Memory regions updated for context APU
16:04:11 INFO  : Context for processor 'ps7_cortexa9_0' is selected.
16:04:11 INFO  : 'con' command is executed.
16:04:11 INFO  : ----------------XSDB Script (After Launch)----------------
targets -set -nocase -filter {name =~ "ARM*#0" && jtag_cable_name =~ "Xilinx TUL 1234-tulA"} -index 0
con
----------------End of Script----------------

16:04:11 INFO  : Launch script is exported to file 'D:\NKUST\SoC\SoCLab\soc_hw1\soc_hw1.sdk\.sdk\launch_scripts\xilinx_c-c++_application_(system_debugger)\system_debugger_using_debug_soc_hw1.elf_on_local.tcl'
16:53:16 INFO  : Disconnected from the channel tcfchan#1.
